<?xml version="1.0" encoding="UTF-8"?>
<testsuites>
  <testsuite name="JS alerts test suit" timestamp="2022-08-26T14:35:54" time="40.855" tests="4" failures="0" errors="0" skipped="0">
    <properties>
      <property name="specId" value="0"/>
      <property name="suiteName" value="JS alerts test suit"/>
      <property name="capabilities" value="chrome.104_0_5112_102.windows"/>
      <property name="file" value=".\test\specs\JSAlertsTest.ts"/>
    </properties>
    <testcase classname="chrome.104_0_5112_102.windows.JS_alerts_test_suit" name="JS alert test case 1" time="10.223">
      <system-out><![CDATA[
RESULT: {"url":"https://the-internet.herokuapp.com/"}
RESULT: {"url":"https://the-internet.herokuapp.com/javascript_alerts"}
COMMAND: POST /session/84dd60ef184aadceb68b03d71aef73cb/element - {"using":"xpath","value":".//button[text()='Click for JS Alert']"}
RESULT: {"using":"xpath","value":".//button[text()='Click for JS Alert']"}
COMMAND: POST /session/84dd60ef184aadceb68b03d71aef73cb/execute/sync - {"script":"return (function isElementDisplayed(element) {\n    function nodeIsElement(node) {\n        if (!node) {\n            return false;\n        }\n        switch (node.nodeType) {\n            case Node.ELEMEN ... (7762 more bytes)","args":[{"element-6066-11e4-a52e-4f735466cecf":"d903cbe7-8fc6-41e3-afac-91e09dd9ba15","ELEMENT":"d903cbe7-8fc6-41e3-afac-91e09dd9ba15"}]}
RESULT: {"script":"return (function isElementDisplayed(element) {\n    function nodeIsElement(node) {\n        if (!node) {\n            return false;\n        }\n        switch (node.nodeType) {\n            case Node.ELEMEN ... (7762 more bytes)","args":[{"element-6066-11e4-a52e-4f735466cecf":"d903cbe7-8fc6-41e3-afac-91e09dd9ba15","ELEMENT":"d903cbe7-8fc6-41e3-afac-91e09dd9ba15"}]}
COMMAND: POST /session/84dd60ef184aadceb68b03d71aef73cb/actions - {"actions":[{"type":"pointer","id":"pointer1","parameters":{"pointerType":"mouse"},"actions":[{"type":"pointerMove","origin":{"sessionId":"84dd60ef184aadceb68b03d71aef73cb","elementId":"d903cbe7-8fc6-41e3-afac-91e09dd9ba15","element-6066-11e4-a52e-4f735466cecf":"d903cbe7-8fc6-41e3-afac-91e09dd9ba15","selector":".//button[text()='Click for JS Alert']","parent":{"capabilities":{"acceptInsecureCerts":true,"browserName":"chrome","browserVersion":"104.0.5112.102","chrome":{"chromedriverVersion":"103.0.5060.53 (a1711811edd74ff1cf2150f36ffa3b0dae40b17f-refs/branch-heads/5060@{#853})","userDataDir":"C:\\Users\\LILIA_~1\\AppData\\Local\\Temp\\scoped_dir30116_858410464"},"goog:chromeOptions":{"debuggerAddress":"localhost:51126"},"networkConnectionEnabled":false,"pageLoadStrategy":"normal","platformName":"windows","proxy":{},"setWindowRect":true,"_":"6 more keys: [\"strictFileInteractability\",\"timeouts\",\"unhandledPromptBehavior\",\"webauthn:extension:credBlob\",\"webauthn:extension:largeBlob\",\"webauthn:virtualAuthenticators\"]"},"config":{"specs":["./test/specs/**/*.ts"],"suites":{},"exclude":[],"logLevel":"debug","logLevels":{},"excludeDriverLogs":[],"bail":0,"waitforInterval":500,"waitforTimeout":10000,"framework":"mocha","_":"48 more keys: [\"reporters\",\"services\",\"maxInstances\",\"maxInstancesPerCapability\",\"filesToWatch\",\"connectionRetryTimeout\",\"connectionRetryCount\",\"execArgv\",\"runnerEnv\",\"runner\",\"specFileRetries\",\"specFileRetriesDelay\",\"specFileRetriesDeferred\",\"reporterSyncInterval\",\"reporterSyncTimeout\",\"cucumberFeaturesWithLineNumbers\",\"autoCompileOpts\",\"mochaOpts\",\"jasmineOpts\",\"cucumberOpts\",\"onPrepare\",\"onWorkerStart\",\"onWorkerEnd\",\"before\",\"beforeSession\",\"beforeSuite\",\"beforeHook\",\"beforeTest\",\"beforeCommand\",\"afterCommand\",\"afterTest\",\"afterHook\",\"afterSuite\",\"afterSession\",\"after\",\"onComplete\",\"onReload\",\"beforeFeature\",\"beforeScenario\",\"beforeStep\",\"afterStep\",\"afterScenario\",\"afterFeature\",\"baseUrl\",\"_\",\"$0\",\"config-path\",\"ignoredWorkerServices\"]"}},"isReactElement":false},"x":0,"y":0},{"type":"pointerDown","button":0},{"type":"pointerUp","button":0}]}]}
RESULT: {"actions":[{"type":"pointer","id":"pointer1","parameters":{"pointerType":"mouse"},"actions":[{"type":"pointerMove","origin":{"sessionId":"84dd60ef184aadceb68b03d71aef73cb","elementId":"d903cbe7-8fc6-41e3-afac-91e09dd9ba15","element-6066-11e4-a52e-4f735466cecf":"d903cbe7-8fc6-41e3-afac-91e09dd9ba15","selector":".//button[text()='Click for JS Alert']","parent":{"capabilities":{"acceptInsecureCerts":true,"browserName":"chrome","browserVersion":"104.0.5112.102","chrome":{"chromedriverVersion":"103.0.5060.53 (a1711811edd74ff1cf2150f36ffa3b0dae40b17f-refs/branch-heads/5060@{#853})","userDataDir":"C:\\Users\\LILIA_~1\\AppData\\Local\\Temp\\scoped_dir30116_858410464"},"goog:chromeOptions":{"debuggerAddress":"localhost:51126"},"networkConnectionEnabled":false,"pageLoadStrategy":"normal","platformName":"windows","proxy":{},"setWindowRect":true,"_":"6 more keys: [\"strictFileInteractability\",\"timeouts\",\"unhandledPromptBehavior\",\"webauthn:extension:credBlob\",\"webauthn:extension:largeBlob\",\"webauthn:virtualAuthenticators\"]"},"config":{"specs":["./test/specs/**/*.ts"],"suites":{},"exclude":[],"logLevel":"debug","logLevels":{},"excludeDriverLogs":[],"bail":0,"waitforInterval":500,"waitforTimeout":10000,"framework":"mocha","_":"48 more keys: [\"reporters\",\"services\",\"maxInstances\",\"maxInstancesPerCapability\",\"filesToWatch\",\"connectionRetryTimeout\",\"connectionRetryCount\",\"execArgv\",\"runnerEnv\",\"runner\",\"specFileRetries\",\"specFileRetriesDelay\",\"specFileRetriesDeferred\",\"reporterSyncInterval\",\"reporterSyncTimeout\",\"cucumberFeaturesWithLineNumbers\",\"autoCompileOpts\",\"mochaOpts\",\"jasmineOpts\",\"cucumberOpts\",\"onPrepare\",\"onWorkerStart\",\"onWorkerEnd\",\"before\",\"beforeSession\",\"beforeSuite\",\"beforeHook\",\"beforeTest\",\"beforeCommand\",\"afterCommand\",\"afterTest\",\"afterHook\",\"afterSuite\",\"afterSession\",\"after\",\"onComplete\",\"onReload\",\"beforeFeature\",\"beforeScenario\",\"beforeStep\",\"afterStep\",\"afterScenario\",\"afterFeature\",\"baseUrl\",\"_\",\"$0\",\"config-path\",\"ignoredWorkerServices\"]"}},"isReactElement":false},"x":0,"y":0},{"type":"pointerDown","button":0},{"type":"pointerUp","button":0}]}]}
COMMAND: POST /session/84dd60ef184aadceb68b03d71aef73cb/alert/accept - {}
RESULT: {}
COMMAND: POST /session/84dd60ef184aadceb68b03d71aef73cb/element - {"using":"css selector","value":"#result"}
RESULT: {"using":"css selector","value":"#result"}
COMMAND: GET /session/84dd60ef184aadceb68b03d71aef73cb/element/35f5e27d-8bab-4801-a64c-9dea6c29334c/text - {}
RESULT: {}
COMMAND: GET /session/84dd60ef184aadceb68b03d71aef73cb/screenshot - {}
RESULT: {}
]]></system-out>
    </testcase>
    <testcase classname="chrome.104_0_5112_102.windows.JS_alerts_test_suit" name="JS confirm with accept test case 2" time="10.202">
      <system-out><![CDATA[
COMMAND: POST /session/84dd60ef184aadceb68b03d71aef73cb/element - {"using":"xpath","value":".//button[text()='Click for JS Confirm']"}
RESULT: {"using":"xpath","value":".//button[text()='Click for JS Confirm']"}
COMMAND: POST /session/84dd60ef184aadceb68b03d71aef73cb/execute/sync - {"script":"return (function isElementDisplayed(element) {\n    function nodeIsElement(node) {\n        if (!node) {\n            return false;\n        }\n        switch (node.nodeType) {\n            case Node.ELEMEN ... (7762 more bytes)","args":[{"element-6066-11e4-a52e-4f735466cecf":"23ee6404-a957-458c-9c44-fb2d0fa8e179","ELEMENT":"23ee6404-a957-458c-9c44-fb2d0fa8e179"}]}
RESULT: {"script":"return (function isElementDisplayed(element) {\n    function nodeIsElement(node) {\n        if (!node) {\n            return false;\n        }\n        switch (node.nodeType) {\n            case Node.ELEMEN ... (7762 more bytes)","args":[{"element-6066-11e4-a52e-4f735466cecf":"23ee6404-a957-458c-9c44-fb2d0fa8e179","ELEMENT":"23ee6404-a957-458c-9c44-fb2d0fa8e179"}]}
COMMAND: POST /session/84dd60ef184aadceb68b03d71aef73cb/actions - {"actions":[{"type":"pointer","id":"pointer1","parameters":{"pointerType":"mouse"},"actions":[{"type":"pointerMove","origin":{"sessionId":"84dd60ef184aadceb68b03d71aef73cb","elementId":"23ee6404-a957-458c-9c44-fb2d0fa8e179","element-6066-11e4-a52e-4f735466cecf":"23ee6404-a957-458c-9c44-fb2d0fa8e179","selector":".//button[text()='Click for JS Confirm']","parent":{"capabilities":{"acceptInsecureCerts":true,"browserName":"chrome","browserVersion":"104.0.5112.102","chrome":{"chromedriverVersion":"103.0.5060.53 (a1711811edd74ff1cf2150f36ffa3b0dae40b17f-refs/branch-heads/5060@{#853})","userDataDir":"C:\\Users\\LILIA_~1\\AppData\\Local\\Temp\\scoped_dir30116_858410464"},"goog:chromeOptions":{"debuggerAddress":"localhost:51126"},"networkConnectionEnabled":false,"pageLoadStrategy":"normal","platformName":"windows","proxy":{},"setWindowRect":true,"_":"6 more keys: [\"strictFileInteractability\",\"timeouts\",\"unhandledPromptBehavior\",\"webauthn:extension:credBlob\",\"webauthn:extension:largeBlob\",\"webauthn:virtualAuthenticators\"]"},"config":{"specs":["./test/specs/**/*.ts"],"suites":{},"exclude":[],"logLevel":"debug","logLevels":{},"excludeDriverLogs":[],"bail":0,"waitforInterval":500,"waitforTimeout":10000,"framework":"mocha","_":"48 more keys: [\"reporters\",\"services\",\"maxInstances\",\"maxInstancesPerCapability\",\"filesToWatch\",\"connectionRetryTimeout\",\"connectionRetryCount\",\"execArgv\",\"runnerEnv\",\"runner\",\"specFileRetries\",\"specFileRetriesDelay\",\"specFileRetriesDeferred\",\"reporterSyncInterval\",\"reporterSyncTimeout\",\"cucumberFeaturesWithLineNumbers\",\"autoCompileOpts\",\"mochaOpts\",\"jasmineOpts\",\"cucumberOpts\",\"onPrepare\",\"onWorkerStart\",\"onWorkerEnd\",\"before\",\"beforeSession\",\"beforeSuite\",\"beforeHook\",\"beforeTest\",\"beforeCommand\",\"afterCommand\",\"afterTest\",\"afterHook\",\"afterSuite\",\"afterSession\",\"after\",\"onComplete\",\"onReload\",\"beforeFeature\",\"beforeScenario\",\"beforeStep\",\"afterStep\",\"afterScenario\",\"afterFeature\",\"baseUrl\",\"_\",\"$0\",\"config-path\",\"ignoredWorkerServices\"]"}},"isReactElement":false},"x":0,"y":0},{"type":"pointerDown","button":0},{"type":"pointerUp","button":0}]}]}
RESULT: {"actions":[{"type":"pointer","id":"pointer1","parameters":{"pointerType":"mouse"},"actions":[{"type":"pointerMove","origin":{"sessionId":"84dd60ef184aadceb68b03d71aef73cb","elementId":"23ee6404-a957-458c-9c44-fb2d0fa8e179","element-6066-11e4-a52e-4f735466cecf":"23ee6404-a957-458c-9c44-fb2d0fa8e179","selector":".//button[text()='Click for JS Confirm']","parent":{"capabilities":{"acceptInsecureCerts":true,"browserName":"chrome","browserVersion":"104.0.5112.102","chrome":{"chromedriverVersion":"103.0.5060.53 (a1711811edd74ff1cf2150f36ffa3b0dae40b17f-refs/branch-heads/5060@{#853})","userDataDir":"C:\\Users\\LILIA_~1\\AppData\\Local\\Temp\\scoped_dir30116_858410464"},"goog:chromeOptions":{"debuggerAddress":"localhost:51126"},"networkConnectionEnabled":false,"pageLoadStrategy":"normal","platformName":"windows","proxy":{},"setWindowRect":true,"_":"6 more keys: [\"strictFileInteractability\",\"timeouts\",\"unhandledPromptBehavior\",\"webauthn:extension:credBlob\",\"webauthn:extension:largeBlob\",\"webauthn:virtualAuthenticators\"]"},"config":{"specs":["./test/specs/**/*.ts"],"suites":{},"exclude":[],"logLevel":"debug","logLevels":{},"excludeDriverLogs":[],"bail":0,"waitforInterval":500,"waitforTimeout":10000,"framework":"mocha","_":"48 more keys: [\"reporters\",\"services\",\"maxInstances\",\"maxInstancesPerCapability\",\"filesToWatch\",\"connectionRetryTimeout\",\"connectionRetryCount\",\"execArgv\",\"runnerEnv\",\"runner\",\"specFileRetries\",\"specFileRetriesDelay\",\"specFileRetriesDeferred\",\"reporterSyncInterval\",\"reporterSyncTimeout\",\"cucumberFeaturesWithLineNumbers\",\"autoCompileOpts\",\"mochaOpts\",\"jasmineOpts\",\"cucumberOpts\",\"onPrepare\",\"onWorkerStart\",\"onWorkerEnd\",\"before\",\"beforeSession\",\"beforeSuite\",\"beforeHook\",\"beforeTest\",\"beforeCommand\",\"afterCommand\",\"afterTest\",\"afterHook\",\"afterSuite\",\"afterSession\",\"after\",\"onComplete\",\"onReload\",\"beforeFeature\",\"beforeScenario\",\"beforeStep\",\"afterStep\",\"afterScenario\",\"afterFeature\",\"baseUrl\",\"_\",\"$0\",\"config-path\",\"ignoredWorkerServices\"]"}},"isReactElement":false},"x":0,"y":0},{"type":"pointerDown","button":0},{"type":"pointerUp","button":0}]}]}
COMMAND: POST /session/84dd60ef184aadceb68b03d71aef73cb/alert/accept - {}
RESULT: {}
COMMAND: POST /session/84dd60ef184aadceb68b03d71aef73cb/element - {"using":"css selector","value":"#result"}
RESULT: {"using":"css selector","value":"#result"}
COMMAND: GET /session/84dd60ef184aadceb68b03d71aef73cb/element/35f5e27d-8bab-4801-a64c-9dea6c29334c/text - {}
RESULT: {}
COMMAND: GET /session/84dd60ef184aadceb68b03d71aef73cb/screenshot - {}
RESULT: {}
]]></system-out>
    </testcase>
    <testcase classname="chrome.104_0_5112_102.windows.JS_alerts_test_suit" name="JS confirm with decline test case 3" time="10.202">
      <system-out><![CDATA[
COMMAND: POST /session/84dd60ef184aadceb68b03d71aef73cb/element - {"using":"xpath","value":".//button[text()='Click for JS Confirm']"}
RESULT: {"using":"xpath","value":".//button[text()='Click for JS Confirm']"}
COMMAND: POST /session/84dd60ef184aadceb68b03d71aef73cb/execute/sync - {"script":"return (function isElementDisplayed(element) {\n    function nodeIsElement(node) {\n        if (!node) {\n            return false;\n        }\n        switch (node.nodeType) {\n            case Node.ELEMEN ... (7762 more bytes)","args":[{"element-6066-11e4-a52e-4f735466cecf":"23ee6404-a957-458c-9c44-fb2d0fa8e179","ELEMENT":"23ee6404-a957-458c-9c44-fb2d0fa8e179"}]}
RESULT: {"script":"return (function isElementDisplayed(element) {\n    function nodeIsElement(node) {\n        if (!node) {\n            return false;\n        }\n        switch (node.nodeType) {\n            case Node.ELEMEN ... (7762 more bytes)","args":[{"element-6066-11e4-a52e-4f735466cecf":"23ee6404-a957-458c-9c44-fb2d0fa8e179","ELEMENT":"23ee6404-a957-458c-9c44-fb2d0fa8e179"}]}
COMMAND: POST /session/84dd60ef184aadceb68b03d71aef73cb/actions - {"actions":[{"type":"pointer","id":"pointer1","parameters":{"pointerType":"mouse"},"actions":[{"type":"pointerMove","origin":{"sessionId":"84dd60ef184aadceb68b03d71aef73cb","elementId":"23ee6404-a957-458c-9c44-fb2d0fa8e179","element-6066-11e4-a52e-4f735466cecf":"23ee6404-a957-458c-9c44-fb2d0fa8e179","selector":".//button[text()='Click for JS Confirm']","parent":{"capabilities":{"acceptInsecureCerts":true,"browserName":"chrome","browserVersion":"104.0.5112.102","chrome":{"chromedriverVersion":"103.0.5060.53 (a1711811edd74ff1cf2150f36ffa3b0dae40b17f-refs/branch-heads/5060@{#853})","userDataDir":"C:\\Users\\LILIA_~1\\AppData\\Local\\Temp\\scoped_dir30116_858410464"},"goog:chromeOptions":{"debuggerAddress":"localhost:51126"},"networkConnectionEnabled":false,"pageLoadStrategy":"normal","platformName":"windows","proxy":{},"setWindowRect":true,"_":"6 more keys: [\"strictFileInteractability\",\"timeouts\",\"unhandledPromptBehavior\",\"webauthn:extension:credBlob\",\"webauthn:extension:largeBlob\",\"webauthn:virtualAuthenticators\"]"},"config":{"specs":["./test/specs/**/*.ts"],"suites":{},"exclude":[],"logLevel":"debug","logLevels":{},"excludeDriverLogs":[],"bail":0,"waitforInterval":500,"waitforTimeout":10000,"framework":"mocha","_":"48 more keys: [\"reporters\",\"services\",\"maxInstances\",\"maxInstancesPerCapability\",\"filesToWatch\",\"connectionRetryTimeout\",\"connectionRetryCount\",\"execArgv\",\"runnerEnv\",\"runner\",\"specFileRetries\",\"specFileRetriesDelay\",\"specFileRetriesDeferred\",\"reporterSyncInterval\",\"reporterSyncTimeout\",\"cucumberFeaturesWithLineNumbers\",\"autoCompileOpts\",\"mochaOpts\",\"jasmineOpts\",\"cucumberOpts\",\"onPrepare\",\"onWorkerStart\",\"onWorkerEnd\",\"before\",\"beforeSession\",\"beforeSuite\",\"beforeHook\",\"beforeTest\",\"beforeCommand\",\"afterCommand\",\"afterTest\",\"afterHook\",\"afterSuite\",\"afterSession\",\"after\",\"onComplete\",\"onReload\",\"beforeFeature\",\"beforeScenario\",\"beforeStep\",\"afterStep\",\"afterScenario\",\"afterFeature\",\"baseUrl\",\"_\",\"$0\",\"config-path\",\"ignoredWorkerServices\"]"}},"isReactElement":false},"x":0,"y":0},{"type":"pointerDown","button":0},{"type":"pointerUp","button":0}]}]}
RESULT: {"actions":[{"type":"pointer","id":"pointer1","parameters":{"pointerType":"mouse"},"actions":[{"type":"pointerMove","origin":{"sessionId":"84dd60ef184aadceb68b03d71aef73cb","elementId":"23ee6404-a957-458c-9c44-fb2d0fa8e179","element-6066-11e4-a52e-4f735466cecf":"23ee6404-a957-458c-9c44-fb2d0fa8e179","selector":".//button[text()='Click for JS Confirm']","parent":{"capabilities":{"acceptInsecureCerts":true,"browserName":"chrome","browserVersion":"104.0.5112.102","chrome":{"chromedriverVersion":"103.0.5060.53 (a1711811edd74ff1cf2150f36ffa3b0dae40b17f-refs/branch-heads/5060@{#853})","userDataDir":"C:\\Users\\LILIA_~1\\AppData\\Local\\Temp\\scoped_dir30116_858410464"},"goog:chromeOptions":{"debuggerAddress":"localhost:51126"},"networkConnectionEnabled":false,"pageLoadStrategy":"normal","platformName":"windows","proxy":{},"setWindowRect":true,"_":"6 more keys: [\"strictFileInteractability\",\"timeouts\",\"unhandledPromptBehavior\",\"webauthn:extension:credBlob\",\"webauthn:extension:largeBlob\",\"webauthn:virtualAuthenticators\"]"},"config":{"specs":["./test/specs/**/*.ts"],"suites":{},"exclude":[],"logLevel":"debug","logLevels":{},"excludeDriverLogs":[],"bail":0,"waitforInterval":500,"waitforTimeout":10000,"framework":"mocha","_":"48 more keys: [\"reporters\",\"services\",\"maxInstances\",\"maxInstancesPerCapability\",\"filesToWatch\",\"connectionRetryTimeout\",\"connectionRetryCount\",\"execArgv\",\"runnerEnv\",\"runner\",\"specFileRetries\",\"specFileRetriesDelay\",\"specFileRetriesDeferred\",\"reporterSyncInterval\",\"reporterSyncTimeout\",\"cucumberFeaturesWithLineNumbers\",\"autoCompileOpts\",\"mochaOpts\",\"jasmineOpts\",\"cucumberOpts\",\"onPrepare\",\"onWorkerStart\",\"onWorkerEnd\",\"before\",\"beforeSession\",\"beforeSuite\",\"beforeHook\",\"beforeTest\",\"beforeCommand\",\"afterCommand\",\"afterTest\",\"afterHook\",\"afterSuite\",\"afterSession\",\"after\",\"onComplete\",\"onReload\",\"beforeFeature\",\"beforeScenario\",\"beforeStep\",\"afterStep\",\"afterScenario\",\"afterFeature\",\"baseUrl\",\"_\",\"$0\",\"config-path\",\"ignoredWorkerServices\"]"}},"isReactElement":false},"x":0,"y":0},{"type":"pointerDown","button":0},{"type":"pointerUp","button":0}]}]}
COMMAND: POST /session/84dd60ef184aadceb68b03d71aef73cb/alert/dismiss - {}
RESULT: {}
COMMAND: POST /session/84dd60ef184aadceb68b03d71aef73cb/element - {"using":"css selector","value":"#result"}
RESULT: {"using":"css selector","value":"#result"}
COMMAND: GET /session/84dd60ef184aadceb68b03d71aef73cb/element/35f5e27d-8bab-4801-a64c-9dea6c29334c/text - {}
RESULT: {}
COMMAND: GET /session/84dd60ef184aadceb68b03d71aef73cb/screenshot - {}
RESULT: {}
]]></system-out>
    </testcase>
    <testcase classname="chrome.104_0_5112_102.windows.JS_alerts_test_suit" name="JS prompt test case 4" time="10.206">
      <system-out><![CDATA[
COMMAND: POST /session/84dd60ef184aadceb68b03d71aef73cb/element - {"using":"xpath","value":".//button[text()='Click for JS Prompt']"}
RESULT: {"using":"xpath","value":".//button[text()='Click for JS Prompt']"}
COMMAND: POST /session/84dd60ef184aadceb68b03d71aef73cb/execute/sync - {"script":"return (function isElementDisplayed(element) {\n    function nodeIsElement(node) {\n        if (!node) {\n            return false;\n        }\n        switch (node.nodeType) {\n            case Node.ELEMEN ... (7762 more bytes)","args":[{"element-6066-11e4-a52e-4f735466cecf":"d433852b-cae5-4ac7-b6c5-14d1d34cea4d","ELEMENT":"d433852b-cae5-4ac7-b6c5-14d1d34cea4d"}]}
RESULT: {"script":"return (function isElementDisplayed(element) {\n    function nodeIsElement(node) {\n        if (!node) {\n            return false;\n        }\n        switch (node.nodeType) {\n            case Node.ELEMEN ... (7762 more bytes)","args":[{"element-6066-11e4-a52e-4f735466cecf":"d433852b-cae5-4ac7-b6c5-14d1d34cea4d","ELEMENT":"d433852b-cae5-4ac7-b6c5-14d1d34cea4d"}]}
COMMAND: POST /session/84dd60ef184aadceb68b03d71aef73cb/actions - {"actions":[{"type":"pointer","id":"pointer1","parameters":{"pointerType":"mouse"},"actions":[{"type":"pointerMove","origin":{"sessionId":"84dd60ef184aadceb68b03d71aef73cb","elementId":"d433852b-cae5-4ac7-b6c5-14d1d34cea4d","element-6066-11e4-a52e-4f735466cecf":"d433852b-cae5-4ac7-b6c5-14d1d34cea4d","selector":".//button[text()='Click for JS Prompt']","parent":{"capabilities":{"acceptInsecureCerts":true,"browserName":"chrome","browserVersion":"104.0.5112.102","chrome":{"chromedriverVersion":"103.0.5060.53 (a1711811edd74ff1cf2150f36ffa3b0dae40b17f-refs/branch-heads/5060@{#853})","userDataDir":"C:\\Users\\LILIA_~1\\AppData\\Local\\Temp\\scoped_dir30116_858410464"},"goog:chromeOptions":{"debuggerAddress":"localhost:51126"},"networkConnectionEnabled":false,"pageLoadStrategy":"normal","platformName":"windows","proxy":{},"setWindowRect":true,"_":"6 more keys: [\"strictFileInteractability\",\"timeouts\",\"unhandledPromptBehavior\",\"webauthn:extension:credBlob\",\"webauthn:extension:largeBlob\",\"webauthn:virtualAuthenticators\"]"},"config":{"specs":["./test/specs/**/*.ts"],"suites":{},"exclude":[],"logLevel":"debug","logLevels":{},"excludeDriverLogs":[],"bail":0,"waitforInterval":500,"waitforTimeout":10000,"framework":"mocha","_":"48 more keys: [\"reporters\",\"services\",\"maxInstances\",\"maxInstancesPerCapability\",\"filesToWatch\",\"connectionRetryTimeout\",\"connectionRetryCount\",\"execArgv\",\"runnerEnv\",\"runner\",\"specFileRetries\",\"specFileRetriesDelay\",\"specFileRetriesDeferred\",\"reporterSyncInterval\",\"reporterSyncTimeout\",\"cucumberFeaturesWithLineNumbers\",\"autoCompileOpts\",\"mochaOpts\",\"jasmineOpts\",\"cucumberOpts\",\"onPrepare\",\"onWorkerStart\",\"onWorkerEnd\",\"before\",\"beforeSession\",\"beforeSuite\",\"beforeHook\",\"beforeTest\",\"beforeCommand\",\"afterCommand\",\"afterTest\",\"afterHook\",\"afterSuite\",\"afterSession\",\"after\",\"onComplete\",\"onReload\",\"beforeFeature\",\"beforeScenario\",\"beforeStep\",\"afterStep\",\"afterScenario\",\"afterFeature\",\"baseUrl\",\"_\",\"$0\",\"config-path\",\"ignoredWorkerServices\"]"}},"isReactElement":false},"x":0,"y":0},{"type":"pointerDown","button":0},{"type":"pointerUp","button":0}]}]}
RESULT: {"actions":[{"type":"pointer","id":"pointer1","parameters":{"pointerType":"mouse"},"actions":[{"type":"pointerMove","origin":{"sessionId":"84dd60ef184aadceb68b03d71aef73cb","elementId":"d433852b-cae5-4ac7-b6c5-14d1d34cea4d","element-6066-11e4-a52e-4f735466cecf":"d433852b-cae5-4ac7-b6c5-14d1d34cea4d","selector":".//button[text()='Click for JS Prompt']","parent":{"capabilities":{"acceptInsecureCerts":true,"browserName":"chrome","browserVersion":"104.0.5112.102","chrome":{"chromedriverVersion":"103.0.5060.53 (a1711811edd74ff1cf2150f36ffa3b0dae40b17f-refs/branch-heads/5060@{#853})","userDataDir":"C:\\Users\\LILIA_~1\\AppData\\Local\\Temp\\scoped_dir30116_858410464"},"goog:chromeOptions":{"debuggerAddress":"localhost:51126"},"networkConnectionEnabled":false,"pageLoadStrategy":"normal","platformName":"windows","proxy":{},"setWindowRect":true,"_":"6 more keys: [\"strictFileInteractability\",\"timeouts\",\"unhandledPromptBehavior\",\"webauthn:extension:credBlob\",\"webauthn:extension:largeBlob\",\"webauthn:virtualAuthenticators\"]"},"config":{"specs":["./test/specs/**/*.ts"],"suites":{},"exclude":[],"logLevel":"debug","logLevels":{},"excludeDriverLogs":[],"bail":0,"waitforInterval":500,"waitforTimeout":10000,"framework":"mocha","_":"48 more keys: [\"reporters\",\"services\",\"maxInstances\",\"maxInstancesPerCapability\",\"filesToWatch\",\"connectionRetryTimeout\",\"connectionRetryCount\",\"execArgv\",\"runnerEnv\",\"runner\",\"specFileRetries\",\"specFileRetriesDelay\",\"specFileRetriesDeferred\",\"reporterSyncInterval\",\"reporterSyncTimeout\",\"cucumberFeaturesWithLineNumbers\",\"autoCompileOpts\",\"mochaOpts\",\"jasmineOpts\",\"cucumberOpts\",\"onPrepare\",\"onWorkerStart\",\"onWorkerEnd\",\"before\",\"beforeSession\",\"beforeSuite\",\"beforeHook\",\"beforeTest\",\"beforeCommand\",\"afterCommand\",\"afterTest\",\"afterHook\",\"afterSuite\",\"afterSession\",\"after\",\"onComplete\",\"onReload\",\"beforeFeature\",\"beforeScenario\",\"beforeStep\",\"afterStep\",\"afterScenario\",\"afterFeature\",\"baseUrl\",\"_\",\"$0\",\"config-path\",\"ignoredWorkerServices\"]"}},"isReactElement":false},"x":0,"y":0},{"type":"pointerDown","button":0},{"type":"pointerUp","button":0}]}]}
COMMAND: POST /session/84dd60ef184aadceb68b03d71aef73cb/alert/text - {"text":"text"}
RESULT: {"text":"text"}
COMMAND: POST /session/84dd60ef184aadceb68b03d71aef73cb/alert/accept - {}
RESULT: {}
COMMAND: POST /session/84dd60ef184aadceb68b03d71aef73cb/element - {"using":"css selector","value":"#result"}
RESULT: {"using":"css selector","value":"#result"}
COMMAND: GET /session/84dd60ef184aadceb68b03d71aef73cb/element/35f5e27d-8bab-4801-a64c-9dea6c29334c/text - {}
RESULT: {}
COMMAND: GET /session/84dd60ef184aadceb68b03d71aef73cb/screenshot - {}
RESULT: {}
COMMAND: DELETE /session/84dd60ef184aadceb68b03d71aef73cb - {}
RESULT: {}
]]></system-out>
    </testcase>
  </testsuite>
</testsuites>