<?xml version="1.0" encoding="UTF-8"?>
<testsuites>
  <testsuite name="Notification Messages test suit" timestamp="2022-08-26T14:24:36" time="12.306" tests="1" failures="0" errors="0" skipped="0">
    <properties>
      <property name="specId" value="0"/>
      <property name="suiteName" value="Notification Messages test suit"/>
      <property name="capabilities" value="chrome.104_0_5112_102.windows"/>
      <property name="file" value=".\test\specs\notificationMessagesTest.ts"/>
    </properties>
    <testcase classname="chrome.104_0_5112_102.windows.Notification_Messages_test_suit" name="Notification Messages test case 1" time="12.29">
      <system-out><![CDATA[
COMMAND: POST /session/ac181555c2f64091135e14fd34f711e6/element - {"using":"css selector","value":"#content > div > p > a"}
RESULT: {"url":"https://the-internet.herokuapp.com/"}
RESULT: {"url":"https://the-internet.herokuapp.com/notification_message_rendered"}
RESULT: {"using":"css selector","value":"#content > div > p > a"}
COMMAND: POST /session/ac181555c2f64091135e14fd34f711e6/execute/sync - {"script":"return (function isElementDisplayed(element) {\n    function nodeIsElement(node) {\n        if (!node) {\n            return false;\n        }\n        switch (node.nodeType) {\n            case Node.ELEMEN ... (7762 more bytes)","args":[{"element-6066-11e4-a52e-4f735466cecf":"3d2fca09-7ade-4511-80df-2ca4f7c3dc61","ELEMENT":"3d2fca09-7ade-4511-80df-2ca4f7c3dc61"}]}
RESULT: {"script":"return (function isElementDisplayed(element) {\n    function nodeIsElement(node) {\n        if (!node) {\n            return false;\n        }\n        switch (node.nodeType) {\n            case Node.ELEMEN ... (7762 more bytes)","args":[{"element-6066-11e4-a52e-4f735466cecf":"3d2fca09-7ade-4511-80df-2ca4f7c3dc61","ELEMENT":"3d2fca09-7ade-4511-80df-2ca4f7c3dc61"}]}
COMMAND: GET /session/ac181555c2f64091135e14fd34f711e6/screenshot - {}
COMMAND: POST /session/ac181555c2f64091135e14fd34f711e6/actions - {"actions":[{"type":"pointer","id":"pointer1","parameters":{"pointerType":"mouse"},"actions":[{"type":"pointerMove","origin":{"sessionId":"ac181555c2f64091135e14fd34f711e6","elementId":"3d2fca09-7ade-4511-80df-2ca4f7c3dc61","element-6066-11e4-a52e-4f735466cecf":"3d2fca09-7ade-4511-80df-2ca4f7c3dc61","selector":"#content > div > p > a","parent":{"capabilities":{"acceptInsecureCerts":true,"browserName":"chrome","browserVersion":"104.0.5112.102","chrome":{"chromedriverVersion":"103.0.5060.53 (a1711811edd74ff1cf2150f36ffa3b0dae40b17f-refs/branch-heads/5060@{#853})","userDataDir":"C:\\Users\\LILIA_~1\\AppData\\Local\\Temp\\scoped_dir27128_145356308"},"goog:chromeOptions":{"debuggerAddress":"localhost:50657"},"networkConnectionEnabled":false,"pageLoadStrategy":"normal","platformName":"windows","proxy":{},"setWindowRect":true,"_":"6 more keys: [\"strictFileInteractability\",\"timeouts\",\"unhandledPromptBehavior\",\"webauthn:extension:credBlob\",\"webauthn:extension:largeBlob\",\"webauthn:virtualAuthenticators\"]"},"config":{"specs":["./test/specs/**/*.ts"],"suites":{},"exclude":[],"logLevel":"debug","logLevels":{},"excludeDriverLogs":[],"bail":0,"waitforInterval":500,"waitforTimeout":10000,"framework":"mocha","_":"48 more keys: [\"reporters\",\"services\",\"maxInstances\",\"maxInstancesPerCapability\",\"filesToWatch\",\"connectionRetryTimeout\",\"connectionRetryCount\",\"execArgv\",\"runnerEnv\",\"runner\",\"specFileRetries\",\"specFileRetriesDelay\",\"specFileRetriesDeferred\",\"reporterSyncInterval\",\"reporterSyncTimeout\",\"cucumberFeaturesWithLineNumbers\",\"autoCompileOpts\",\"mochaOpts\",\"jasmineOpts\",\"cucumberOpts\",\"onPrepare\",\"onWorkerStart\",\"onWorkerEnd\",\"before\",\"beforeSession\",\"beforeSuite\",\"beforeHook\",\"beforeTest\",\"beforeCommand\",\"afterCommand\",\"afterTest\",\"afterHook\",\"afterSuite\",\"afterSession\",\"after\",\"onComplete\",\"onReload\",\"beforeFeature\",\"beforeScenario\",\"beforeStep\",\"afterStep\",\"afterScenario\",\"afterFeature\",\"baseUrl\",\"_\",\"$0\",\"config-path\",\"ignoredWorkerServices\"]"}},"isReactElement":false},"x":0,"y":0},{"type":"pointerDown","button":0},{"type":"pointerUp","button":0}]}]}
RESULT: {}
RESULT: {"actions":[{"type":"pointer","id":"pointer1","parameters":{"pointerType":"mouse"},"actions":[{"type":"pointerMove","origin":{"sessionId":"ac181555c2f64091135e14fd34f711e6","elementId":"3d2fca09-7ade-4511-80df-2ca4f7c3dc61","element-6066-11e4-a52e-4f735466cecf":"3d2fca09-7ade-4511-80df-2ca4f7c3dc61","selector":"#content > div > p > a","parent":{"capabilities":{"acceptInsecureCerts":true,"browserName":"chrome","browserVersion":"104.0.5112.102","chrome":{"chromedriverVersion":"103.0.5060.53 (a1711811edd74ff1cf2150f36ffa3b0dae40b17f-refs/branch-heads/5060@{#853})","userDataDir":"C:\\Users\\LILIA_~1\\AppData\\Local\\Temp\\scoped_dir27128_145356308"},"goog:chromeOptions":{"debuggerAddress":"localhost:50657"},"networkConnectionEnabled":false,"pageLoadStrategy":"normal","platformName":"windows","proxy":{},"setWindowRect":true,"_":"6 more keys: [\"strictFileInteractability\",\"timeouts\",\"unhandledPromptBehavior\",\"webauthn:extension:credBlob\",\"webauthn:extension:largeBlob\",\"webauthn:virtualAuthenticators\"]"},"config":{"specs":["./test/specs/**/*.ts"],"suites":{},"exclude":[],"logLevel":"debug","logLevels":{},"excludeDriverLogs":[],"bail":0,"waitforInterval":500,"waitforTimeout":10000,"framework":"mocha","_":"48 more keys: [\"reporters\",\"services\",\"maxInstances\",\"maxInstancesPerCapability\",\"filesToWatch\",\"connectionRetryTimeout\",\"connectionRetryCount\",\"execArgv\",\"runnerEnv\",\"runner\",\"specFileRetries\",\"specFileRetriesDelay\",\"specFileRetriesDeferred\",\"reporterSyncInterval\",\"reporterSyncTimeout\",\"cucumberFeaturesWithLineNumbers\",\"autoCompileOpts\",\"mochaOpts\",\"jasmineOpts\",\"cucumberOpts\",\"onPrepare\",\"onWorkerStart\",\"onWorkerEnd\",\"before\",\"beforeSession\",\"beforeSuite\",\"beforeHook\",\"beforeTest\",\"beforeCommand\",\"afterCommand\",\"afterTest\",\"afterHook\",\"afterSuite\",\"afterSession\",\"after\",\"onComplete\",\"onReload\",\"beforeFeature\",\"beforeScenario\",\"beforeStep\",\"afterStep\",\"afterScenario\",\"afterFeature\",\"baseUrl\",\"_\",\"$0\",\"config-path\",\"ignoredWorkerServices\"]"}},"isReactElement":false},"x":0,"y":0},{"type":"pointerDown","button":0},{"type":"pointerUp","button":0}]}]}
COMMAND: POST /session/ac181555c2f64091135e14fd34f711e6/element - {"using":"css selector","value":"#flash"}
RESULT: {"using":"css selector","value":"#flash"}
COMMAND: POST /session/ac181555c2f64091135e14fd34f711e6/execute/sync - {"script":"return (function isElementDisplayed(element) {\n    function nodeIsElement(node) {\n        if (!node) {\n            return false;\n        }\n        switch (node.nodeType) {\n            case Node.ELEMEN ... (7762 more bytes)","args":[{"element-6066-11e4-a52e-4f735466cecf":"3a4cd190-53e8-40a5-895a-6d5c1f640bf3","ELEMENT":"3a4cd190-53e8-40a5-895a-6d5c1f640bf3"}]}
RESULT: {"script":"return (function isElementDisplayed(element) {\n    function nodeIsElement(node) {\n        if (!node) {\n            return false;\n        }\n        switch (node.nodeType) {\n            case Node.ELEMEN ... (7762 more bytes)","args":[{"element-6066-11e4-a52e-4f735466cecf":"3a4cd190-53e8-40a5-895a-6d5c1f640bf3","ELEMENT":"3a4cd190-53e8-40a5-895a-6d5c1f640bf3"}]}
COMMAND: GET /session/ac181555c2f64091135e14fd34f711e6/element/3a4cd190-53e8-40a5-895a-6d5c1f640bf3/text - {}
RESULT: {}
COMMAND: GET /session/ac181555c2f64091135e14fd34f711e6/screenshot - {}
RESULT: {}
COMMAND: DELETE /session/ac181555c2f64091135e14fd34f711e6 - {}
RESULT: {}
]]></system-out>
    </testcase>
  </testsuite>
</testsuites>