<?xml version="1.0" encoding="UTF-8"?>
<testsuites>
  <testsuite name="Form Authentication test suit" timestamp="2022-08-26T14:35:18" time="16.286" tests="1" failures="0" errors="0" skipped="0">
    <properties>
      <property name="specId" value="0"/>
      <property name="suiteName" value="Form Authentication test suit"/>
      <property name="capabilities" value="chrome.104_0_5112_102.windows"/>
      <property name="file" value=".\test\specs\FormAuthenticationTest.ts"/>
    </properties>
    <testcase classname="chrome.104_0_5112_102.windows.Form_Authentication_test_suit" name="Login page test case 1" time="16.272">
      <system-out><![CDATA[
RESULT: {"url":"https://the-internet.herokuapp.com/"}
RESULT: {"url":"https://the-internet.herokuapp.com/login"}
COMMAND: POST /session/ae55dad9b8d9689ba4f2ca6ca506d36e/element - {"using":"css selector","value":"#username"}
RESULT: {"using":"css selector","value":"#username"}
COMMAND: POST /session/ae55dad9b8d9689ba4f2ca6ca506d36e/element/ee1150f7-abc0-48ab-a63f-f77d9d3568f2/clear - {}
RESULT: {}
COMMAND: POST /session/ae55dad9b8d9689ba4f2ca6ca506d36e/element/ee1150f7-abc0-48ab-a63f-f77d9d3568f2/value - {"text":"tomsmith"}
RESULT: {"text":"tomsmith"}
COMMAND: POST /session/ae55dad9b8d9689ba4f2ca6ca506d36e/element - {"using":"css selector","value":"#password"}
RESULT: {"using":"css selector","value":"#password"}
COMMAND: POST /session/ae55dad9b8d9689ba4f2ca6ca506d36e/element/e4be74e4-8302-47a2-a9c6-52e055b8c066/clear - {}
RESULT: {}
COMMAND: POST /session/ae55dad9b8d9689ba4f2ca6ca506d36e/element/e4be74e4-8302-47a2-a9c6-52e055b8c066/value - {"text":"SuperSecretPassword!"}
RESULT: {"text":"SuperSecretPassword!"}
COMMAND: GET /session/ae55dad9b8d9689ba4f2ca6ca506d36e/screenshot - {}
RESULT: {}
COMMAND: POST /session/ae55dad9b8d9689ba4f2ca6ca506d36e/element - {"using":"css selector","value":".radius"}
RESULT: {"using":"css selector","value":".radius"}
COMMAND: POST /session/ae55dad9b8d9689ba4f2ca6ca506d36e/element/58d4118b-fec4-4791-b119-006081a4719c/click - {}
RESULT: {}
COMMAND: GET /session/ae55dad9b8d9689ba4f2ca6ca506d36e/screenshot - {}
RESULT: {}
COMMAND: POST /session/ae55dad9b8d9689ba4f2ca6ca506d36e/element - {"using":"css selector","value":".button.secondary.radius"}
RESULT: {"using":"css selector","value":".button.secondary.radius"}
COMMAND: POST /session/ae55dad9b8d9689ba4f2ca6ca506d36e/element/b6094b2a-0599-4576-98b8-d67204f52153/click - {}
RESULT: {}
COMMAND: GET /session/ae55dad9b8d9689ba4f2ca6ca506d36e/screenshot - {}
RESULT: {}
COMMAND: DELETE /session/ae55dad9b8d9689ba4f2ca6ca506d36e - {}
RESULT: {}
]]></system-out>
    </testcase>
  </testsuite>
</testsuites>