<?xml version="1.0" encoding="UTF-8"?>
<testsuites>
  <testsuite name="Checkboxes test suit" timestamp="2022-08-26T14:33:59" time="12.292" tests="1" failures="0" errors="0" skipped="0">
    <properties>
      <property name="specId" value="0"/>
      <property name="suiteName" value="Checkboxes test suit"/>
      <property name="capabilities" value="chrome.104_0_5112_102.windows"/>
      <property name="file" value=".\test\specs\checkboxesTest.ts"/>
    </properties>
    <testcase classname="chrome.104_0_5112_102.windows.Checkboxes_test_suit" name="Checkboxes test case 1" time="12.277">
      <system-out><![CDATA[
COMMAND: POST /session/5aa79c7c842ae202940f82c4dbe818b4/element - {"using":"css selector","value":"#checkboxes > input[type=checkbox]:nth-child(1)"}
RESULT: {"url":"https://the-internet.herokuapp.com/"}
RESULT: {"url":"https://the-internet.herokuapp.com/checkboxes"}
RESULT: {"using":"css selector","value":"#checkboxes > input[type=checkbox]:nth-child(1)"}
COMMAND: POST /session/5aa79c7c842ae202940f82c4dbe818b4/execute/sync - {"script":"return (function isElementDisplayed(element) {\n    function nodeIsElement(node) {\n        if (!node) {\n            return false;\n        }\n        switch (node.nodeType) {\n            case Node.ELEMEN ... (7762 more bytes)","args":[{"element-6066-11e4-a52e-4f735466cecf":"8a006f41-9186-4450-8db5-e37ace619ac9","ELEMENT":"8a006f41-9186-4450-8db5-e37ace619ac9"}]}
RESULT: {"script":"return (function isElementDisplayed(element) {\n    function nodeIsElement(node) {\n        if (!node) {\n            return false;\n        }\n        switch (node.nodeType) {\n            case Node.ELEMEN ... (7762 more bytes)","args":[{"element-6066-11e4-a52e-4f735466cecf":"8a006f41-9186-4450-8db5-e37ace619ac9","ELEMENT":"8a006f41-9186-4450-8db5-e37ace619ac9"}]}
COMMAND: POST /session/5aa79c7c842ae202940f82c4dbe818b4/element/8a006f41-9186-4450-8db5-e37ace619ac9/click - {}
RESULT: {}
COMMAND: GET /session/5aa79c7c842ae202940f82c4dbe818b4/screenshot - {}
RESULT: {}
COMMAND: POST /session/5aa79c7c842ae202940f82c4dbe818b4/element - {"using":"css selector","value":"#checkboxes > input[type=checkbox]:nth-child(3)"}
RESULT: {"using":"css selector","value":"#checkboxes > input[type=checkbox]:nth-child(3)"}
COMMAND: POST /session/5aa79c7c842ae202940f82c4dbe818b4/execute/sync - {"script":"return (function isElementDisplayed(element) {\n    function nodeIsElement(node) {\n        if (!node) {\n            return false;\n        }\n        switch (node.nodeType) {\n            case Node.ELEMEN ... (7762 more bytes)","args":[{"element-6066-11e4-a52e-4f735466cecf":"ed9a32f6-b934-4c4d-a407-a73edc8291f5","ELEMENT":"ed9a32f6-b934-4c4d-a407-a73edc8291f5"}]}
RESULT: {"script":"return (function isElementDisplayed(element) {\n    function nodeIsElement(node) {\n        if (!node) {\n            return false;\n        }\n        switch (node.nodeType) {\n            case Node.ELEMEN ... (7762 more bytes)","args":[{"element-6066-11e4-a52e-4f735466cecf":"ed9a32f6-b934-4c4d-a407-a73edc8291f5","ELEMENT":"ed9a32f6-b934-4c4d-a407-a73edc8291f5"}]}
COMMAND: POST /session/5aa79c7c842ae202940f82c4dbe818b4/element/ed9a32f6-b934-4c4d-a407-a73edc8291f5/click - {}
RESULT: {}
COMMAND: GET /session/5aa79c7c842ae202940f82c4dbe818b4/screenshot - {}
RESULT: {}
COMMAND: DELETE /session/5aa79c7c842ae202940f82c4dbe818b4 - {}
RESULT: {}
]]></system-out>
    </testcase>
  </testsuite>
</testsuites>