<?xml version="1.0" encoding="UTF-8"?>
<testsuites>
  <testsuite name="Checkboxes test suit" timestamp="2022-08-26T14:21:38" time="12.313" tests="1" failures="0" errors="0" skipped="0">
    <properties>
      <property name="specId" value="0"/>
      <property name="suiteName" value="Checkboxes test suit"/>
      <property name="capabilities" value="chrome.104_0_5112_102.windows"/>
      <property name="file" value=".\test\specs\checkboxesTest.ts"/>
    </properties>
    <testcase classname="chrome.104_0_5112_102.windows.Checkboxes_test_suit" name="Checkboxes test case 1" time="12.3">
      <system-out><![CDATA[
COMMAND: POST /session/ed3b6bf7a033e7256c4bbf1ea583a547/element - {"using":"css selector","value":"#checkboxes > input[type=checkbox]:nth-child(1)"}
RESULT: {"url":"https://the-internet.herokuapp.com/"}
RESULT: {"url":"https://the-internet.herokuapp.com/checkboxes"}
RESULT: {"using":"css selector","value":"#checkboxes > input[type=checkbox]:nth-child(1)"}
COMMAND: POST /session/ed3b6bf7a033e7256c4bbf1ea583a547/execute/sync - {"script":"return (function isElementDisplayed(element) {\n    function nodeIsElement(node) {\n        if (!node) {\n            return false;\n        }\n        switch (node.nodeType) {\n            case Node.ELEMEN ... (7762 more bytes)","args":[{"element-6066-11e4-a52e-4f735466cecf":"fb2ed305-d097-4b4f-aaba-2cb245b4b21d","ELEMENT":"fb2ed305-d097-4b4f-aaba-2cb245b4b21d"}]}
RESULT: {"script":"return (function isElementDisplayed(element) {\n    function nodeIsElement(node) {\n        if (!node) {\n            return false;\n        }\n        switch (node.nodeType) {\n            case Node.ELEMEN ... (7762 more bytes)","args":[{"element-6066-11e4-a52e-4f735466cecf":"fb2ed305-d097-4b4f-aaba-2cb245b4b21d","ELEMENT":"fb2ed305-d097-4b4f-aaba-2cb245b4b21d"}]}
COMMAND: POST /session/ed3b6bf7a033e7256c4bbf1ea583a547/element/fb2ed305-d097-4b4f-aaba-2cb245b4b21d/click - {}
RESULT: {}
COMMAND: GET /session/ed3b6bf7a033e7256c4bbf1ea583a547/screenshot - {}
RESULT: {}
COMMAND: POST /session/ed3b6bf7a033e7256c4bbf1ea583a547/element - {"using":"css selector","value":"#checkboxes > input[type=checkbox]:nth-child(3)"}
RESULT: {"using":"css selector","value":"#checkboxes > input[type=checkbox]:nth-child(3)"}
COMMAND: POST /session/ed3b6bf7a033e7256c4bbf1ea583a547/execute/sync - {"script":"return (function isElementDisplayed(element) {\n    function nodeIsElement(node) {\n        if (!node) {\n            return false;\n        }\n        switch (node.nodeType) {\n            case Node.ELEMEN ... (7762 more bytes)","args":[{"element-6066-11e4-a52e-4f735466cecf":"38b0a4e3-bf4a-4b36-ab8c-fbabd94dc2f5","ELEMENT":"38b0a4e3-bf4a-4b36-ab8c-fbabd94dc2f5"}]}
RESULT: {"script":"return (function isElementDisplayed(element) {\n    function nodeIsElement(node) {\n        if (!node) {\n            return false;\n        }\n        switch (node.nodeType) {\n            case Node.ELEMEN ... (7762 more bytes)","args":[{"element-6066-11e4-a52e-4f735466cecf":"38b0a4e3-bf4a-4b36-ab8c-fbabd94dc2f5","ELEMENT":"38b0a4e3-bf4a-4b36-ab8c-fbabd94dc2f5"}]}
COMMAND: POST /session/ed3b6bf7a033e7256c4bbf1ea583a547/element/38b0a4e3-bf4a-4b36-ab8c-fbabd94dc2f5/click - {}
RESULT: {}
COMMAND: GET /session/ed3b6bf7a033e7256c4bbf1ea583a547/screenshot - {}
RESULT: {}
COMMAND: DELETE /session/ed3b6bf7a033e7256c4bbf1ea583a547 - {}
RESULT: {}
]]></system-out>
    </testcase>
  </testsuite>
</testsuites>