<?xml version="1.0" encoding="UTF-8"?>
<testsuites>
  <testsuite name="File upload test suit" timestamp="2022-08-26T14:58:47" time="10.137" tests="1" failures="1" errors="1" skipped="0">
    <properties>
      <property name="specId" value="0"/>
      <property name="suiteName" value="File upload test suit"/>
      <property name="capabilities" value="chrome.104_0_5112_102.windows"/>
      <property name="file" value=".\test\specs\fileUploadTest.ts"/>
    </properties>
    <testcase classname="chrome.104_0_5112_102.windows.File_upload_test_suit" name="File upload test case 1" time="10.121">
      <failure/>
      <error message="directory (C:\Users\Lilia_Varyvoda\Desktop\webdriverio\WebdriverIO\screenshot) doesn't exist"/>
      <system-out><![CDATA[
RESULT: {"url":"https://the-internet.herokuapp.com/"}
RESULT: {"url":"https://the-internet.herokuapp.com/upload"}
COMMAND: POST /session/3957cbfe92121ef9042d18b24c98fff2/file - {"file":"[base64] 63192 bytes"}
RESULT: {"file":"[base64] 63192 bytes"}
COMMAND: POST /session/3957cbfe92121ef9042d18b24c98fff2/element - {"using":"css selector","value":"#file-upload"}
RESULT: {"using":"css selector","value":"#file-upload"}
COMMAND: POST /session/3957cbfe92121ef9042d18b24c98fff2/element/9d2f8624-1907-44c8-9926-ddfe75565c59/clear - {}
RESULT: {}
COMMAND: POST /session/3957cbfe92121ef9042d18b24c98fff2/element/9d2f8624-1907-44c8-9926-ddfe75565c59/value - {"text":"C:\\Users\\LILIA_~1\\AppData\\Local\\Temp\\scoped_dir21756_2022355272\\upload21756_889176926\\epam.png"}
RESULT: {"text":"C:\\Users\\LILIA_~1\\AppData\\Local\\Temp\\scoped_dir21756_2022355272\\upload21756_889176926\\epam.png"}
COMMAND: DELETE /session/3957cbfe92121ef9042d18b24c98fff2 - {}
RESULT: {}
]]></system-out>
      <system-err><![CDATA[
Error: directory (C:\Users\Lilia_Varyvoda\Desktop\webdriverio\WebdriverIO\screenshot) doesn't exist
    at assertDirectoryExists (C:\Users\Lilia_Varyvoda\Desktop\webdriverio\WebdriverIO\node_modules\webdriverio\build\utils\index.js:374:15)
    at Browser.saveScreenshot (C:\Users\Lilia_Varyvoda\Desktop\webdriverio\WebdriverIO\node_modules\webdriverio\build\commands\browser\saveScreenshot.js:35:39)
    at Browser.wrapCommandFn (C:\Users\Lilia_Varyvoda\Desktop\webdriverio\WebdriverIO\node_modules\@wdio\utils\build\shim.js:137:38)
    at processTicksAndRejections (node:internal/process/task_queues:96:5)
    at async Function.customScreenshot (C:\Users\Lilia_Varyvoda\Desktop\webdriverio\WebdriverIO\test\helpers\reporters.ts:31:20)
    at async stepAllure (C:\Users\Lilia_Varyvoda\Desktop\webdriverio\WebdriverIO\test\helpers\reporters.ts:74:13)
    at async FileUpload.clickUploadButton (C:\Users\Lilia_Varyvoda\Desktop\webdriverio\WebdriverIO\test\pageObjects\fileUploadPageObjects.ts:29:5)
    at async Context.<anonymous> (C:\Users\Lilia_Varyvoda\Desktop\webdriverio\WebdriverIO\test\specs\fileUploadTest.ts:17:5)
]]></system-err>
    </testcase>
  </testsuite>
</testsuites>