<?xml version="1.0" encoding="UTF-8"?>
<testsuites>
  <testsuite name="Inputs test suit" timestamp="2022-08-26T14:35:37" time="15.379" tests="1" failures="0" errors="0" skipped="0">
    <properties>
      <property name="specId" value="0"/>
      <property name="suiteName" value="Inputs test suit"/>
      <property name="capabilities" value="chrome.104_0_5112_102.windows"/>
      <property name="file" value=".\test\specs\inputsTest.ts"/>
    </properties>
    <testcase classname="chrome.104_0_5112_102.windows.Inputs_test_suit" name="Inputs test case 1" time="15.366">
      <system-out><![CDATA[
RESULT: {"url":"https://the-internet.herokuapp.com/"}
RESULT: {"url":"https://the-internet.herokuapp.com/inputs"}
COMMAND: POST /session/34c3daaff0c99703c35e8e39834f8ff9/element - {"using":"css selector","value":"input[type=number]"}
RESULT: {"using":"css selector","value":"input[type=number]"}
COMMAND: POST /session/34c3daaff0c99703c35e8e39834f8ff9/element/9918e213-e68b-4a40-9752-a3e4ea88fb4a/clear - {}
RESULT: {}
COMMAND: POST /session/34c3daaff0c99703c35e8e39834f8ff9/element/9918e213-e68b-4a40-9752-a3e4ea88fb4a/value - {"text":"10"}
RESULT: {"text":"10"}
COMMAND: GET /session/34c3daaff0c99703c35e8e39834f8ff9/screenshot - {}
RESULT: {}
COMMAND: POST /session/34c3daaff0c99703c35e8e39834f8ff9/element - {"using":"css selector","value":"input[type=number]"}
RESULT: {"using":"css selector","value":"input[type=number]"}
COMMAND: GET /session/34c3daaff0c99703c35e8e39834f8ff9/screenshot - {}
COMMAND: POST /session/34c3daaff0c99703c35e8e39834f8ff9/execute/sync - {"script":"return (function isFocused(elem) {\n    return elem === document.activeElement;\n}).apply(null, arguments)","args":[{"element-6066-11e4-a52e-4f735466cecf":"9918e213-e68b-4a40-9752-a3e4ea88fb4a","ELEMENT":"9918e213-e68b-4a40-9752-a3e4ea88fb4a"}]}
RESULT: {}
RESULT: {"script":"return (function isFocused(elem) {\n    return elem === document.activeElement;\n}).apply(null, arguments)","args":[{"element-6066-11e4-a52e-4f735466cecf":"9918e213-e68b-4a40-9752-a3e4ea88fb4a","ELEMENT":"9918e213-e68b-4a40-9752-a3e4ea88fb4a"}]}
COMMAND: DELETE /session/34c3daaff0c99703c35e8e39834f8ff9 - {}
RESULT: {}
]]></system-out>
    </testcase>
  </testsuite>
</testsuites>