<?xml version="1.0" encoding="UTF-8"?>
<testsuites>
  <testsuite name="Multiple windows test suit" timestamp="2022-08-26T14:36:39" time="15.453" tests="1" failures="0" errors="0" skipped="0">
    <properties>
      <property name="specId" value="0"/>
      <property name="suiteName" value="Multiple windows test suit"/>
      <property name="capabilities" value="chrome.104_0_5112_102.windows"/>
      <property name="file" value=".\test\specs\multipleWindowsTest.ts"/>
    </properties>
    <testcase classname="chrome.104_0_5112_102.windows.Multiple_windows_test_suit" name="Multiple windows test case 1" time="15.427">
      <system-out><![CDATA[
RESULT: {"url":"https://the-internet.herokuapp.com/"}
RESULT: {"url":"https://the-internet.herokuapp.com/windows"}
COMMAND: POST /session/b17638b2f9e13bda33f0388fa117b288/element - {"using":"link text","value":"Click Here"}
RESULT: {"using":"link text","value":"Click Here"}
COMMAND: POST /session/b17638b2f9e13bda33f0388fa117b288/execute/sync - {"script":"return (function isElementDisplayed(element) {\n    function nodeIsElement(node) {\n        if (!node) {\n            return false;\n        }\n        switch (node.nodeType) {\n            case Node.ELEMEN ... (7762 more bytes)","args":[{"element-6066-11e4-a52e-4f735466cecf":"5394cc89-d523-4fe1-be26-53b622c59bb7","ELEMENT":"5394cc89-d523-4fe1-be26-53b622c59bb7"}]}
RESULT: {"script":"return (function isElementDisplayed(element) {\n    function nodeIsElement(node) {\n        if (!node) {\n            return false;\n        }\n        switch (node.nodeType) {\n            case Node.ELEMEN ... (7762 more bytes)","args":[{"element-6066-11e4-a52e-4f735466cecf":"5394cc89-d523-4fe1-be26-53b622c59bb7","ELEMENT":"5394cc89-d523-4fe1-be26-53b622c59bb7"}]}
COMMAND: POST /session/b17638b2f9e13bda33f0388fa117b288/actions - {"actions":[{"type":"pointer","id":"pointer1","parameters":{"pointerType":"mouse"},"actions":[{"type":"pointerMove","origin":{"sessionId":"b17638b2f9e13bda33f0388fa117b288","elementId":"5394cc89-d523-4fe1-be26-53b622c59bb7","element-6066-11e4-a52e-4f735466cecf":"5394cc89-d523-4fe1-be26-53b622c59bb7","selector":"=Click Here","parent":{"capabilities":{"acceptInsecureCerts":true,"browserName":"chrome","browserVersion":"104.0.5112.102","chrome":{"chromedriverVersion":"103.0.5060.53 (a1711811edd74ff1cf2150f36ffa3b0dae40b17f-refs/branch-heads/5060@{#853})","userDataDir":"C:\\Users\\LILIA_~1\\AppData\\Local\\Temp\\scoped_dir30116_278042419"},"goog:chromeOptions":{"debuggerAddress":"localhost:51157"},"networkConnectionEnabled":false,"pageLoadStrategy":"normal","platformName":"windows","proxy":{},"setWindowRect":true,"_":"6 more keys: [\"strictFileInteractability\",\"timeouts\",\"unhandledPromptBehavior\",\"webauthn:extension:credBlob\",\"webauthn:extension:largeBlob\",\"webauthn:virtualAuthenticators\"]"},"config":{"specs":["./test/specs/**/*.ts"],"suites":{},"exclude":[],"logLevel":"debug","logLevels":{},"excludeDriverLogs":[],"bail":0,"waitforInterval":500,"waitforTimeout":10000,"framework":"mocha","_":"48 more keys: [\"reporters\",\"services\",\"maxInstances\",\"maxInstancesPerCapability\",\"filesToWatch\",\"connectionRetryTimeout\",\"connectionRetryCount\",\"execArgv\",\"runnerEnv\",\"runner\",\"specFileRetries\",\"specFileRetriesDelay\",\"specFileRetriesDeferred\",\"reporterSyncInterval\",\"reporterSyncTimeout\",\"cucumberFeaturesWithLineNumbers\",\"autoCompileOpts\",\"mochaOpts\",\"jasmineOpts\",\"cucumberOpts\",\"onPrepare\",\"onWorkerStart\",\"onWorkerEnd\",\"before\",\"beforeSession\",\"beforeSuite\",\"beforeHook\",\"beforeTest\",\"beforeCommand\",\"afterCommand\",\"afterTest\",\"afterHook\",\"afterSuite\",\"afterSession\",\"after\",\"onComplete\",\"onReload\",\"beforeFeature\",\"beforeScenario\",\"beforeStep\",\"afterStep\",\"afterScenario\",\"afterFeature\",\"baseUrl\",\"_\",\"$0\",\"config-path\",\"ignoredWorkerServices\"]"}},"isReactElement":false},"x":0,"y":0},{"type":"pointerDown","button":0},{"type":"pointerUp","button":0}]}]}
RESULT: {"actions":[{"type":"pointer","id":"pointer1","parameters":{"pointerType":"mouse"},"actions":[{"type":"pointerMove","origin":{"sessionId":"b17638b2f9e13bda33f0388fa117b288","elementId":"5394cc89-d523-4fe1-be26-53b622c59bb7","element-6066-11e4-a52e-4f735466cecf":"5394cc89-d523-4fe1-be26-53b622c59bb7","selector":"=Click Here","parent":{"capabilities":{"acceptInsecureCerts":true,"browserName":"chrome","browserVersion":"104.0.5112.102","chrome":{"chromedriverVersion":"103.0.5060.53 (a1711811edd74ff1cf2150f36ffa3b0dae40b17f-refs/branch-heads/5060@{#853})","userDataDir":"C:\\Users\\LILIA_~1\\AppData\\Local\\Temp\\scoped_dir30116_278042419"},"goog:chromeOptions":{"debuggerAddress":"localhost:51157"},"networkConnectionEnabled":false,"pageLoadStrategy":"normal","platformName":"windows","proxy":{},"setWindowRect":true,"_":"6 more keys: [\"strictFileInteractability\",\"timeouts\",\"unhandledPromptBehavior\",\"webauthn:extension:credBlob\",\"webauthn:extension:largeBlob\",\"webauthn:virtualAuthenticators\"]"},"config":{"specs":["./test/specs/**/*.ts"],"suites":{},"exclude":[],"logLevel":"debug","logLevels":{},"excludeDriverLogs":[],"bail":0,"waitforInterval":500,"waitforTimeout":10000,"framework":"mocha","_":"48 more keys: [\"reporters\",\"services\",\"maxInstances\",\"maxInstancesPerCapability\",\"filesToWatch\",\"connectionRetryTimeout\",\"connectionRetryCount\",\"execArgv\",\"runnerEnv\",\"runner\",\"specFileRetries\",\"specFileRetriesDelay\",\"specFileRetriesDeferred\",\"reporterSyncInterval\",\"reporterSyncTimeout\",\"cucumberFeaturesWithLineNumbers\",\"autoCompileOpts\",\"mochaOpts\",\"jasmineOpts\",\"cucumberOpts\",\"onPrepare\",\"onWorkerStart\",\"onWorkerEnd\",\"before\",\"beforeSession\",\"beforeSuite\",\"beforeHook\",\"beforeTest\",\"beforeCommand\",\"afterCommand\",\"afterTest\",\"afterHook\",\"afterSuite\",\"afterSession\",\"after\",\"onComplete\",\"onReload\",\"beforeFeature\",\"beforeScenario\",\"beforeStep\",\"afterStep\",\"afterScenario\",\"afterFeature\",\"baseUrl\",\"_\",\"$0\",\"config-path\",\"ignoredWorkerServices\"]"}},"isReactElement":false},"x":0,"y":0},{"type":"pointerDown","button":0},{"type":"pointerUp","button":0}]}]}
COMMAND: POST /session/b17638b2f9e13bda33f0388fa117b288/element - {"using":"css selector","value":"h3"}
RESULT: {"using":"css selector","value":"h3"}
COMMAND: GET /session/b17638b2f9e13bda33f0388fa117b288/screenshot - {}
COMMAND: POST /session/b17638b2f9e13bda33f0388fa117b288/elements - {"using":"css selector","value":"h3"}
RESULT: {}
RESULT: {"using":"css selector","value":"h3"}
COMMAND: GET /session/b17638b2f9e13bda33f0388fa117b288/window/handles - {}
RESULT: {}
COMMAND: POST /session/b17638b2f9e13bda33f0388fa117b288/window - {"handle":"CDwindow-2E35EF6C71D4B522A110290B03A69333"}
RESULT: {"handle":"CDwindow-2E35EF6C71D4B522A110290B03A69333"}
COMMAND: GET /session/b17638b2f9e13bda33f0388fa117b288/url - {}
RESULT: {}
COMMAND: GET /session/b17638b2f9e13bda33f0388fa117b288/window/handles - {}
RESULT: {}
COMMAND: POST /session/b17638b2f9e13bda33f0388fa117b288/window - {"handle":"CDwindow-2E35EF6C71D4B522A110290B03A69333"}
RESULT: {"handle":"CDwindow-2E35EF6C71D4B522A110290B03A69333"}
COMMAND: GET /session/b17638b2f9e13bda33f0388fa117b288/url - {}
RESULT: {}
COMMAND: GET /session/b17638b2f9e13bda33f0388fa117b288/title - {}
RESULT: {}
COMMAND: POST /session/b17638b2f9e13bda33f0388fa117b288/execute/sync - {"script":"return (() => window.name).apply(null, arguments)","args":[]}
RESULT: {"script":"return (() => window.name).apply(null, arguments)","args":[]}
COMMAND: POST /session/b17638b2f9e13bda33f0388fa117b288/window - {"handle":"CDwindow-478734107B71C6FB5E527B980FE72F17"}
RESULT: {"handle":"CDwindow-478734107B71C6FB5E527B980FE72F17"}
COMMAND: GET /session/b17638b2f9e13bda33f0388fa117b288/url - {}
RESULT: {}
COMMAND: GET /session/b17638b2f9e13bda33f0388fa117b288/title - {}
RESULT: {}
COMMAND: GET /session/b17638b2f9e13bda33f0388fa117b288/screenshot - {}
RESULT: {}
COMMAND: DELETE /session/b17638b2f9e13bda33f0388fa117b288 - {}
RESULT: {}
]]></system-out>
    </testcase>
  </testsuite>
</testsuites>