<?xml version="1.0" encoding="UTF-8"?>
<testsuites>
  <testsuite name="Checkboxes test suit" timestamp="2022-08-22T20:46:18" time="12.271" tests="1" failures="0" errors="0" skipped="0">
    <properties>
      <property name="specId" value="0"/>
      <property name="suiteName" value="Checkboxes test suit"/>
      <property name="capabilities" value="chrome.104_0_5112_82.windows"/>
      <property name="file" value=".\test\specs\checkboxesTest.ts"/>
    </properties>
    <testcase classname="chrome.104_0_5112_82.windows.Checkboxes_test_suit" name="Checkboxes test case 1" time="12.255">
      <system-out><![CDATA[
COMMAND: POST /session/774c3b6930c498244aa7437fce83b403/element - {"using":"css selector","value":"#checkboxes > input[type=checkbox]:nth-child(1)"}
RESULT: {"url":"https://the-internet.herokuapp.com/"}
RESULT: {"url":"https://the-internet.herokuapp.com/checkboxes"}
RESULT: {"using":"css selector","value":"#checkboxes > input[type=checkbox]:nth-child(1)"}
COMMAND: POST /session/774c3b6930c498244aa7437fce83b403/execute/sync - {"script":"return (function isElementDisplayed(element) {\n    function nodeIsElement(node) {\n        if (!node) {\n            return false;\n        }\n        switch (node.nodeType) {\n            case Node.ELEMEN ... (7762 more bytes)","args":[{"element-6066-11e4-a52e-4f735466cecf":"79579eb0-145e-4e4f-a70b-043abbe40cc1","ELEMENT":"79579eb0-145e-4e4f-a70b-043abbe40cc1"}]}
RESULT: {"script":"return (function isElementDisplayed(element) {\n    function nodeIsElement(node) {\n        if (!node) {\n            return false;\n        }\n        switch (node.nodeType) {\n            case Node.ELEMEN ... (7762 more bytes)","args":[{"element-6066-11e4-a52e-4f735466cecf":"79579eb0-145e-4e4f-a70b-043abbe40cc1","ELEMENT":"79579eb0-145e-4e4f-a70b-043abbe40cc1"}]}
COMMAND: POST /session/774c3b6930c498244aa7437fce83b403/element/79579eb0-145e-4e4f-a70b-043abbe40cc1/click - {}
RESULT: {}
COMMAND: GET /session/774c3b6930c498244aa7437fce83b403/screenshot - {}
RESULT: {}
COMMAND: POST /session/774c3b6930c498244aa7437fce83b403/element - {"using":"css selector","value":"#checkboxes > input[type=checkbox]:nth-child(3)"}
RESULT: {"using":"css selector","value":"#checkboxes > input[type=checkbox]:nth-child(3)"}
COMMAND: POST /session/774c3b6930c498244aa7437fce83b403/execute/sync - {"script":"return (function isElementDisplayed(element) {\n    function nodeIsElement(node) {\n        if (!node) {\n            return false;\n        }\n        switch (node.nodeType) {\n            case Node.ELEMEN ... (7762 more bytes)","args":[{"element-6066-11e4-a52e-4f735466cecf":"aa5c2da3-203d-43ca-a512-8ec98fc10e79","ELEMENT":"aa5c2da3-203d-43ca-a512-8ec98fc10e79"}]}
RESULT: {"script":"return (function isElementDisplayed(element) {\n    function nodeIsElement(node) {\n        if (!node) {\n            return false;\n        }\n        switch (node.nodeType) {\n            case Node.ELEMEN ... (7762 more bytes)","args":[{"element-6066-11e4-a52e-4f735466cecf":"aa5c2da3-203d-43ca-a512-8ec98fc10e79","ELEMENT":"aa5c2da3-203d-43ca-a512-8ec98fc10e79"}]}
COMMAND: POST /session/774c3b6930c498244aa7437fce83b403/element/aa5c2da3-203d-43ca-a512-8ec98fc10e79/click - {}
RESULT: {}
COMMAND: GET /session/774c3b6930c498244aa7437fce83b403/screenshot - {}
RESULT: {}
COMMAND: DELETE /session/774c3b6930c498244aa7437fce83b403 - {}
RESULT: {}
]]></system-out>
    </testcase>
  </testsuite>
</testsuites>