<?xml version="1.0" encoding="UTF-8"?>
<testsuites>
  <testsuite name="Notification Messages test suit" timestamp="2022-08-22T20:31:30" time="12.299" tests="1" failures="0" errors="0" skipped="0">
    <properties>
      <property name="specId" value="0"/>
      <property name="suiteName" value="Notification Messages test suit"/>
      <property name="capabilities" value="chrome.104_0_5112_82.windows"/>
      <property name="file" value=".\test\specs\notificationMessagesTest.ts"/>
    </properties>
    <testcase classname="chrome.104_0_5112_82.windows.Notification_Messages_test_suit" name="Notification Messages test case 1" time="12.283">
      <system-out><![CDATA[
COMMAND: POST /session/8c85265197a229780767d82621acc1f7/element - {"using":"css selector","value":"#content > div > p > a"}
RESULT: {"url":"https://the-internet.herokuapp.com/"}
RESULT: {"url":"https://the-internet.herokuapp.com/notification_message_rendered"}
RESULT: {"using":"css selector","value":"#content > div > p > a"}
COMMAND: POST /session/8c85265197a229780767d82621acc1f7/execute/sync - {"script":"return (function isElementDisplayed(element) {\n    function nodeIsElement(node) {\n        if (!node) {\n            return false;\n        }\n        switch (node.nodeType) {\n            case Node.ELEMEN ... (7762 more bytes)","args":[{"element-6066-11e4-a52e-4f735466cecf":"3a0a0787-f526-40a4-b819-abf35169c45a","ELEMENT":"3a0a0787-f526-40a4-b819-abf35169c45a"}]}
RESULT: {"script":"return (function isElementDisplayed(element) {\n    function nodeIsElement(node) {\n        if (!node) {\n            return false;\n        }\n        switch (node.nodeType) {\n            case Node.ELEMEN ... (7762 more bytes)","args":[{"element-6066-11e4-a52e-4f735466cecf":"3a0a0787-f526-40a4-b819-abf35169c45a","ELEMENT":"3a0a0787-f526-40a4-b819-abf35169c45a"}]}
COMMAND: GET /session/8c85265197a229780767d82621acc1f7/screenshot - {}
COMMAND: POST /session/8c85265197a229780767d82621acc1f7/actions - {"actions":[{"type":"pointer","id":"pointer1","parameters":{"pointerType":"mouse"},"actions":[{"type":"pointerMove","origin":{"sessionId":"8c85265197a229780767d82621acc1f7","elementId":"3a0a0787-f526-40a4-b819-abf35169c45a","element-6066-11e4-a52e-4f735466cecf":"3a0a0787-f526-40a4-b819-abf35169c45a","selector":"#content > div > p > a","parent":{"capabilities":{"acceptInsecureCerts":true,"browserName":"chrome","browserVersion":"104.0.5112.82","chrome":{"chromedriverVersion":"103.0.5060.53 (a1711811edd74ff1cf2150f36ffa3b0dae40b17f-refs/branch-heads/5060@{#853})","userDataDir":"C:\\Users\\LILIA_~1\\AppData\\Local\\Temp\\scoped_dir26956_1133407921"},"goog:chromeOptions":{"debuggerAddress":"localhost:56876"},"networkConnectionEnabled":false,"pageLoadStrategy":"normal","platformName":"windows","proxy":{},"setWindowRect":true,"_":"6 more keys: [\"strictFileInteractability\",\"timeouts\",\"unhandledPromptBehavior\",\"webauthn:extension:credBlob\",\"webauthn:extension:largeBlob\",\"webauthn:virtualAuthenticators\"]"},"config":{"specs":["C:\\Users\\Lilia_Varyvoda\\Desktop\\webdriverio\\WebdriverIO\\test\\specs\\notificationMessagesTest.ts"],"suites":{},"exclude":[],"logLevel":"debug","logLevels":{},"excludeDriverLogs":[],"bail":0,"waitforInterval":500,"waitforTimeout":10000,"framework":"mocha","_":"49 more keys: [\"reporters\",\"services\",\"maxInstances\",\"maxInstancesPerCapability\",\"filesToWatch\",\"connectionRetryTimeout\",\"connectionRetryCount\",\"execArgv\",\"runnerEnv\",\"runner\",\"specFileRetries\",\"specFileRetriesDelay\",\"specFileRetriesDeferred\",\"reporterSyncInterval\",\"reporterSyncTimeout\",\"cucumberFeaturesWithLineNumbers\",\"autoCompileOpts\",\"mochaOpts\",\"jasmineOpts\",\"cucumberOpts\",\"onPrepare\",\"onWorkerStart\",\"onWorkerEnd\",\"before\",\"beforeSession\",\"beforeSuite\",\"beforeHook\",\"beforeTest\",\"beforeCommand\",\"afterCommand\",\"afterTest\",\"afterHook\",\"afterSuite\",\"afterSession\",\"after\",\"onComplete\",\"onReload\",\"beforeFeature\",\"beforeScenario\",\"beforeStep\",\"afterStep\",\"afterScenario\",\"afterFeature\",\"baseUrl\",\"_\",\"spec\",\"$0\",\"config-path\",\"ignoredWorkerServices\"]"}},"isReactElement":false},"x":0,"y":0},{"type":"pointerDown","button":0},{"type":"pointerUp","button":0}]}]}
RESULT: {}
RESULT: {"actions":[{"type":"pointer","id":"pointer1","parameters":{"pointerType":"mouse"},"actions":[{"type":"pointerMove","origin":{"sessionId":"8c85265197a229780767d82621acc1f7","elementId":"3a0a0787-f526-40a4-b819-abf35169c45a","element-6066-11e4-a52e-4f735466cecf":"3a0a0787-f526-40a4-b819-abf35169c45a","selector":"#content > div > p > a","parent":{"capabilities":{"acceptInsecureCerts":true,"browserName":"chrome","browserVersion":"104.0.5112.82","chrome":{"chromedriverVersion":"103.0.5060.53 (a1711811edd74ff1cf2150f36ffa3b0dae40b17f-refs/branch-heads/5060@{#853})","userDataDir":"C:\\Users\\LILIA_~1\\AppData\\Local\\Temp\\scoped_dir26956_1133407921"},"goog:chromeOptions":{"debuggerAddress":"localhost:56876"},"networkConnectionEnabled":false,"pageLoadStrategy":"normal","platformName":"windows","proxy":{},"setWindowRect":true,"_":"6 more keys: [\"strictFileInteractability\",\"timeouts\",\"unhandledPromptBehavior\",\"webauthn:extension:credBlob\",\"webauthn:extension:largeBlob\",\"webauthn:virtualAuthenticators\"]"},"config":{"specs":["C:\\Users\\Lilia_Varyvoda\\Desktop\\webdriverio\\WebdriverIO\\test\\specs\\notificationMessagesTest.ts"],"suites":{},"exclude":[],"logLevel":"debug","logLevels":{},"excludeDriverLogs":[],"bail":0,"waitforInterval":500,"waitforTimeout":10000,"framework":"mocha","_":"49 more keys: [\"reporters\",\"services\",\"maxInstances\",\"maxInstancesPerCapability\",\"filesToWatch\",\"connectionRetryTimeout\",\"connectionRetryCount\",\"execArgv\",\"runnerEnv\",\"runner\",\"specFileRetries\",\"specFileRetriesDelay\",\"specFileRetriesDeferred\",\"reporterSyncInterval\",\"reporterSyncTimeout\",\"cucumberFeaturesWithLineNumbers\",\"autoCompileOpts\",\"mochaOpts\",\"jasmineOpts\",\"cucumberOpts\",\"onPrepare\",\"onWorkerStart\",\"onWorkerEnd\",\"before\",\"beforeSession\",\"beforeSuite\",\"beforeHook\",\"beforeTest\",\"beforeCommand\",\"afterCommand\",\"afterTest\",\"afterHook\",\"afterSuite\",\"afterSession\",\"after\",\"onComplete\",\"onReload\",\"beforeFeature\",\"beforeScenario\",\"beforeStep\",\"afterStep\",\"afterScenario\",\"afterFeature\",\"baseUrl\",\"_\",\"spec\",\"$0\",\"config-path\",\"ignoredWorkerServices\"]"}},"isReactElement":false},"x":0,"y":0},{"type":"pointerDown","button":0},{"type":"pointerUp","button":0}]}]}
COMMAND: POST /session/8c85265197a229780767d82621acc1f7/element - {"using":"css selector","value":"#flash"}
RESULT: {"using":"css selector","value":"#flash"}
COMMAND: POST /session/8c85265197a229780767d82621acc1f7/execute/sync - {"script":"return (function isElementDisplayed(element) {\n    function nodeIsElement(node) {\n        if (!node) {\n            return false;\n        }\n        switch (node.nodeType) {\n            case Node.ELEMEN ... (7762 more bytes)","args":[{"element-6066-11e4-a52e-4f735466cecf":"cb5280b4-8a86-4240-abf3-8909bbe76a0b","ELEMENT":"cb5280b4-8a86-4240-abf3-8909bbe76a0b"}]}
RESULT: {"script":"return (function isElementDisplayed(element) {\n    function nodeIsElement(node) {\n        if (!node) {\n            return false;\n        }\n        switch (node.nodeType) {\n            case Node.ELEMEN ... (7762 more bytes)","args":[{"element-6066-11e4-a52e-4f735466cecf":"cb5280b4-8a86-4240-abf3-8909bbe76a0b","ELEMENT":"cb5280b4-8a86-4240-abf3-8909bbe76a0b"}]}
COMMAND: GET /session/8c85265197a229780767d82621acc1f7/element/cb5280b4-8a86-4240-abf3-8909bbe76a0b/text - {}
RESULT: {}
COMMAND: GET /session/8c85265197a229780767d82621acc1f7/screenshot - {}
RESULT: {}
COMMAND: DELETE /session/8c85265197a229780767d82621acc1f7 - {}
RESULT: {}
]]></system-out>
    </testcase>
  </testsuite>
</testsuites>