<?xml version="1.0" encoding="UTF-8"?>
<testsuites>
  <testsuite name="Inputs test suit" timestamp="2022-08-22T20:47:56" time="15.424" tests="1" failures="0" errors="0" skipped="0">
    <properties>
      <property name="specId" value="0"/>
      <property name="suiteName" value="Inputs test suit"/>
      <property name="capabilities" value="chrome.104_0_5112_82.windows"/>
      <property name="file" value=".\test\specs\inputsTest.ts"/>
    </properties>
    <testcase classname="chrome.104_0_5112_82.windows.Inputs_test_suit" name="Inputs test case 1" time="15.412">
      <system-out><![CDATA[
RESULT: {"url":"https://the-internet.herokuapp.com/"}
RESULT: {"url":"https://the-internet.herokuapp.com/inputs"}
COMMAND: POST /session/2d71291e8b964a9c334e1512726456f4/element - {"using":"css selector","value":"input[type=number]"}
RESULT: {"using":"css selector","value":"input[type=number]"}
COMMAND: POST /session/2d71291e8b964a9c334e1512726456f4/element/0aea9670-5111-4e43-a6a6-f028342cf045/clear - {}
RESULT: {}
COMMAND: POST /session/2d71291e8b964a9c334e1512726456f4/element/0aea9670-5111-4e43-a6a6-f028342cf045/value - {"text":"10"}
RESULT: {"text":"10"}
COMMAND: GET /session/2d71291e8b964a9c334e1512726456f4/screenshot - {}
RESULT: {}
COMMAND: POST /session/2d71291e8b964a9c334e1512726456f4/element - {"using":"css selector","value":"input[type=number]"}
RESULT: {"using":"css selector","value":"input[type=number]"}
COMMAND: GET /session/2d71291e8b964a9c334e1512726456f4/screenshot - {}
COMMAND: POST /session/2d71291e8b964a9c334e1512726456f4/execute/sync - {"script":"return (function isFocused(elem) {\n    return elem === document.activeElement;\n}).apply(null, arguments)","args":[{"element-6066-11e4-a52e-4f735466cecf":"0aea9670-5111-4e43-a6a6-f028342cf045","ELEMENT":"0aea9670-5111-4e43-a6a6-f028342cf045"}]}
RESULT: {}
RESULT: {"script":"return (function isFocused(elem) {\n    return elem === document.activeElement;\n}).apply(null, arguments)","args":[{"element-6066-11e4-a52e-4f735466cecf":"0aea9670-5111-4e43-a6a6-f028342cf045","ELEMENT":"0aea9670-5111-4e43-a6a6-f028342cf045"}]}
COMMAND: DELETE /session/2d71291e8b964a9c334e1512726456f4 - {}
RESULT: {}
]]></system-out>
    </testcase>
  </testsuite>
</testsuites>