<?xml version="1.0" encoding="UTF-8"?>
<testsuites>
  <testsuite name="Forgot Password test suit" timestamp="2022-08-22T20:47:14" time="20.833" tests="1" failures="0" errors="0" skipped="0">
    <properties>
      <property name="specId" value="0"/>
      <property name="suiteName" value="Forgot Password test suit"/>
      <property name="capabilities" value="chrome.104_0_5112_82.windows"/>
      <property name="file" value=".\test\specs\forgotPasswordTest.ts"/>
    </properties>
    <testcase classname="chrome.104_0_5112_82.windows.Forgot_Password_test_suit" name="Forgot password test case 1" time="20.819">
      <system-out><![CDATA[
RESULT: {"url":"https://the-internet.herokuapp.com/"}
RESULT: {"url":"https://the-internet.herokuapp.com/forgot_password"}
COMMAND: POST /session/5073f83642a30034eb2ba06c76de9b73/element - {"using":"css selector","value":"#email"}
RESULT: {"using":"css selector","value":"#email"}
COMMAND: POST /session/5073f83642a30034eb2ba06c76de9b73/element/49638a70-610c-433d-9598-702d9243f917/clear - {}
RESULT: {}
COMMAND: POST /session/5073f83642a30034eb2ba06c76de9b73/element/49638a70-610c-433d-9598-702d9243f917/value - {"text":"email@email.com"}
RESULT: {"text":"email@email.com"}
COMMAND: GET /session/5073f83642a30034eb2ba06c76de9b73/screenshot - {}
RESULT: {}
COMMAND: POST /session/5073f83642a30034eb2ba06c76de9b73/element - {"using":"css selector","value":"#form_submit"}
RESULT: {"using":"css selector","value":"#form_submit"}
COMMAND: POST /session/5073f83642a30034eb2ba06c76de9b73/element/a8abfd47-ab1a-481c-a120-026664e9a4df/click - {}
RESULT: {}
COMMAND: GET /session/5073f83642a30034eb2ba06c76de9b73/screenshot - {}
RESULT: {}
COMMAND: POST /session/5073f83642a30034eb2ba06c76de9b73/element - {"using":"css selector","value":"h1"}
RESULT: {"using":"css selector","value":"h1"}
COMMAND: GET /session/5073f83642a30034eb2ba06c76de9b73/screenshot - {}
COMMAND: GET /session/5073f83642a30034eb2ba06c76de9b73/element/51a50c33-0c96-4c98-af01-6fcb810d5ec4/text - {}
RESULT: {}
RESULT: {}
COMMAND: DELETE /session/5073f83642a30034eb2ba06c76de9b73 - {}
RESULT: {}
]]></system-out>
    </testcase>
  </testsuite>
</testsuites>