<?xml version="1.0" encoding="UTF-8"?>
<testsuites>
  <testsuite name="Form Authentication test suit" timestamp="2022-08-22T20:47:38" time="16.319" tests="1" failures="0" errors="0" skipped="0">
    <properties>
      <property name="specId" value="0"/>
      <property name="suiteName" value="Form Authentication test suit"/>
      <property name="capabilities" value="chrome.104_0_5112_82.windows"/>
      <property name="file" value=".\test\specs\FormAuthenticationTest.ts"/>
    </properties>
    <testcase classname="chrome.104_0_5112_82.windows.Form_Authentication_test_suit" name="Login page test case 1" time="16.295">
      <system-out><![CDATA[
RESULT: {"url":"https://the-internet.herokuapp.com/"}
RESULT: {"url":"https://the-internet.herokuapp.com/login"}
COMMAND: POST /session/5119612975d3354815af64a9238b9da5/element - {"using":"css selector","value":"#username"}
RESULT: {"using":"css selector","value":"#username"}
COMMAND: POST /session/5119612975d3354815af64a9238b9da5/element/01f61468-8910-4ce9-94f5-8d312fdd4d60/clear - {}
RESULT: {}
COMMAND: POST /session/5119612975d3354815af64a9238b9da5/element/01f61468-8910-4ce9-94f5-8d312fdd4d60/value - {"text":"tomsmith"}
RESULT: {"text":"tomsmith"}
COMMAND: POST /session/5119612975d3354815af64a9238b9da5/element - {"using":"css selector","value":"#password"}
RESULT: {"using":"css selector","value":"#password"}
COMMAND: POST /session/5119612975d3354815af64a9238b9da5/element/a8664827-0ff4-42e3-85b2-f14e53fc7430/clear - {}
RESULT: {}
COMMAND: POST /session/5119612975d3354815af64a9238b9da5/element/a8664827-0ff4-42e3-85b2-f14e53fc7430/value - {"text":"SuperSecretPassword!"}
RESULT: {"text":"SuperSecretPassword!"}
COMMAND: GET /session/5119612975d3354815af64a9238b9da5/screenshot - {}
RESULT: {}
COMMAND: POST /session/5119612975d3354815af64a9238b9da5/element - {"using":"css selector","value":".radius"}
RESULT: {"using":"css selector","value":".radius"}
COMMAND: POST /session/5119612975d3354815af64a9238b9da5/element/3212a781-8612-4be6-8fc1-a72cc70c267b/click - {}
RESULT: {}
COMMAND: GET /session/5119612975d3354815af64a9238b9da5/screenshot - {}
RESULT: {}
COMMAND: POST /session/5119612975d3354815af64a9238b9da5/element - {"using":"css selector","value":".button.secondary.radius"}
RESULT: {"using":"css selector","value":".button.secondary.radius"}
COMMAND: POST /session/5119612975d3354815af64a9238b9da5/element/a811250a-db42-45eb-b7db-d2b5f42cf403/click - {}
RESULT: {}
COMMAND: GET /session/5119612975d3354815af64a9238b9da5/screenshot - {}
RESULT: {}
COMMAND: DELETE /session/5119612975d3354815af64a9238b9da5 - {}
RESULT: {}
]]></system-out>
    </testcase>
  </testsuite>
</testsuites>